[debug] [2020-01-10T09:41:13.164Z] ----------------------------------------------------------------------
[debug] [2020-01-10T09:41:13.166Z] Command:       /usr/local/bin/node /usr/local/bin/firebase init
[debug] [2020-01-10T09:41:13.166Z] CLI Version:   7.11.0
[debug] [2020-01-10T09:41:13.166Z] Platform:      darwin
[debug] [2020-01-10T09:41:13.166Z] Node Version:  v10.15.1
[debug] [2020-01-10T09:41:13.170Z] Time:          Fri Jan 10 2020 10:41:13 GMT+0100 (GMT+01:00)
[debug] [2020-01-10T09:41:13.170Z] ----------------------------------------------------------------------
[debug] [2020-01-10T09:41:13.170Z] 
[debug] [2020-01-10T09:41:13.178Z] > command requires scopes: ["email","openid","https://www.googleapis.com/auth/cloudplatformprojects.readonly","https://www.googleapis.com/auth/firebase","https://www.googleapis.com/auth/cloud-platform"]
[debug] [2020-01-10T09:41:13.178Z] > authorizing via signed-in user
[info] 
     ######## #### ########  ######## ########     ###     ######  ########
     ##        ##  ##     ## ##       ##     ##  ##   ##  ##       ##
     ######    ##  ########  ######   ########  #########  ######  ######
     ##        ##  ##    ##  ##       ##     ## ##     ##       ## ##
     ##       #### ##     ## ######## ########  ##     ##  ######  ########

You're about to initialize a Firebase project in this directory:

  /Users/davidfernandezmartin/Desktop/Z-Programacion/proyectos/peluquria-canina

[info] 
=== Project Setup
[info] 
[info] First, let's associate this project directory with a Firebase project.
[info] You can create multiple project aliases by running firebase use --add, 
[info] but for now we'll just set up a default project.
[info] 
[debug] [2020-01-10T09:41:26.653Z] > refreshing access token with scopes: ["email","https://www.googleapis.com/auth/cloud-platform","https://www.googleapis.com/auth/cloudplatformprojects.readonly","https://www.googleapis.com/auth/firebase","openid"]
[debug] [2020-01-10T09:41:26.653Z] >>> HTTP REQUEST POST https://www.googleapis.com/oauth2/v3/token  
 <request body omitted>
[debug] [2020-01-10T09:41:28.083Z] <<< HTTP RESPONSE 200
[debug] [2020-01-10T09:41:28.100Z] >>> HTTP REQUEST GET https://firebase.googleapis.com/v1beta1/projects?pageSize=100  
 
[debug] [2020-01-10T09:41:28.371Z] <<< HTTP RESPONSE 200
[info] i  Using project peluqueria-canina-a7ea5 (peluqueria-canina)
[info] 
=== Hosting Setup
[info] 
[info] Your public directory is the folder (relative to your project directory) that
[info] will contain Hosting assets to be uploaded with firebase deploy. If you
[info] have a build process for your assets, use your build's output directory.
[info] 
[debug] [2020-01-10T09:42:31.016Z] >>> HTTP REQUEST GET https://www.gstatic.com/firebasejs/releases.json  
 
[debug] [2020-01-10T09:42:31.088Z] <<< HTTP RESPONSE 200
[debug] [2020-01-10T09:42:31.092Z] Error: ENOTDIR: not a directory, open '/Users/davidfernandezmartin/Desktop/Z-Programacion/proyectos/peluquria-canina/index.html/index.html'
    at Object.openSync (fs.js:439:3)
    at Object.writeFileSync (fs.js:1190:35)
    at Object.createFileSync (/usr/local/lib/node_modules/firebase-tools/node_modules/fs-extra/lib/ensure/file.js:34:6)
    at Config.writeProjectFile (/usr/local/lib/node_modules/firebase-tools/lib/config.js:178:8)
    at /usr/local/lib/node_modules/firebase-tools/lib/config.js:197:18
    at process._tickCallback (internal/process/next_tick.js:68:7)
[error] 
[error] Error: An unexpected error has occurred.
